<?xml version="1.0" encoding="UTF-8"?>
<!-- Generated by org.testng.reporters.JUnitReportReporter -->
<testsuite hostname="Sasidharans-MacBook-Pro.local" failures="0" tests="1" name="testCases.Tc_001_AccountRegistrationTest" time="0.768" errors="0" timestamp="2024-03-12T09:13:48 IST" skipped="0">
  <testcase classname="testCases.Tc_001_AccountRegistrationTest" name="test_account_registration" time="0.768"/>
</testsuite> <!-- testCases.Tc_001_AccountRegistrationTest -->
