<?xml version="1.0" encoding="UTF-8"?>
<!-- Generated by org.testng.reporters.JUnitReportReporter -->
<testsuite hostname="Sasidharans-MacBook-Pro.local" failures="0" tests="1" name="testCases.Tc_001_AccountRegistrationTest" time="0.609" errors="0" timestamp="2024-03-20T06:56:00 IST" skipped="0">
  <testcase classname="testCases.Tc_001_AccountRegistrationTest" name="test_account_registration" time="0.609"/>
</testsuite> <!-- testCases.Tc_001_AccountRegistrationTest -->
