<?xml version="1.0" encoding="UTF-8"?>
<!-- Generated by org.testng.reporters.JUnitReportReporter -->
<testsuite hostname="Sasidharans-MacBook-Pro.local" failures="0" tests="1" name="testCases.Tc_002_LoginTest" time="0.517" errors="0" timestamp="2024-03-20T06:56:00 IST" skipped="0">
  <testcase classname="testCases.Tc_002_LoginTest" name="verify_LoginTest" time="0.517"/>
</testsuite> <!-- testCases.Tc_002_LoginTest -->
