<?xml version="1.0" encoding="UTF-8"?>
<!-- Generated by org.testng.reporters.JUnitReportReporter -->
<testsuite hostname="Sasidharans-MacBook-Pro.local" failures="0" tests="1" name="testCases.Tc_002_LoginTest" time="0.561" errors="0" timestamp="2024-03-14T08:47:36 IST" skipped="0">
  <testcase classname="testCases.Tc_002_LoginTest" name="verify_LoginTest" time="0.561"/>
</testsuite> <!-- testCases.Tc_002_LoginTest -->
